<?xml version="1.0" encoding="UTF-8"?>
<testsuite name="com.sanjiv.vertx_starter.TestMainVerticle" tests="1" skipped="0" failures="0" errors="0" timestamp="2022-09-26T23:02:40" hostname="DESKTOP-88J8G6T" time="0.769">
  <properties/>
  <testcase name="verticle_deployed(Vertx, VertxTestContext)" classname="com.sanjiv.vertx_starter.TestMainVerticle" time="0.769"/>
  <system-out><![CDATA[HTTP server started on port 8888
]]></system-out>
  <system-err><![CDATA[]]></system-err>
</testsuite>
